"_input" in: sky130A_mr.lydrc:88
Elapsed: 0.010s
"_input" in: sky130A_mr.lydrc:89
Elapsed: 0.010s
"_input" in: sky130A_mr.lydrc:90
Elapsed: 0.010s
"_input" in: sky130A_mr.lydrc:91
Elapsed: 0.000s
"_input" in: sky130A_mr.lydrc:92
Elapsed: 0.010s
"_input" in: sky130A_mr.lydrc:93
Elapsed: 0.010s
"_input" in: sky130A_mr.lydrc:94
Elapsed: 0.000s
"_input" in: sky130A_mr.lydrc:95
Elapsed: 0.010s
"_input" in: sky130A_mr.lydrc:96
Elapsed: 0.010s
"_input" in: sky130A_mr.lydrc:97
Elapsed: 0.000s
"_input" in: sky130A_mr.lydrc:98
Elapsed: 0.010s
"_input" in: sky130A_mr.lydrc:99
Elapsed: 0.010s
"_input" in: sky130A_mr.lydrc:100
Elapsed: 0.010s
"_input" in: sky130A_mr.lydrc:101
Elapsed: 0.000s
"_input" in: sky130A_mr.lydrc:102
Elapsed: 0.010s
"_input" in: sky130A_mr.lydrc:103
Elapsed: 0.010s
"_input" in: sky130A_mr.lydrc:104
Elapsed: 0.000s
"_input" in: sky130A_mr.lydrc:105
Elapsed: 0.010s
"_input" in: sky130A_mr.lydrc:106
Elapsed: 0.010s
"_input" in: sky130A_mr.lydrc:107
Elapsed: 0.010s
"_input" in: sky130A_mr.lydrc:108
Elapsed: 0.000s
"_input" in: sky130A_mr.lydrc:110
Elapsed: 0.010s
"_input" in: sky130A_mr.lydrc:111
Elapsed: 0.010s
"_input" in: sky130A_mr.lydrc:113
Elapsed: 0.010s
"_input" in: sky130A_mr.lydrc:114
Elapsed: 0.000s
"_input" in: sky130A_mr.lydrc:116
Elapsed: 0.010s
"_input" in: sky130A_mr.lydrc:117
Elapsed: 0.010s
"_input" in: sky130A_mr.lydrc:119
Elapsed: 0.010s
"_input" in: sky130A_mr.lydrc:120
Elapsed: 0.000s
"_input" in: sky130A_mr.lydrc:122
Elapsed: 0.010s
"_input" in: sky130A_mr.lydrc:123
Elapsed: 0.010s
"_input" in: sky130A_mr.lydrc:125
Elapsed: 0.010s
"_input" in: sky130A_mr.lydrc:127
Elapsed: 0.000s
"_input" in: sky130A_mr.lydrc:128
Elapsed: 0.010s
"_input" in: sky130A_mr.lydrc:129
Elapsed: 0.010s
"_input" in: sky130A_mr.lydrc:130
Elapsed: 0.000s
"_input" in: sky130A_mr.lydrc:131
Elapsed: 0.010s
"_input" in: sky130A_mr.lydrc:132
Elapsed: 0.010s
"_input" in: sky130A_mr.lydrc:133
Elapsed: 0.010s
"_input" in: sky130A_mr.lydrc:134
Elapsed: 0.000s
"_input" in: sky130A_mr.lydrc:135
Elapsed: 0.010s
"_input" in: sky130A_mr.lydrc:136
Elapsed: 0.010s
"_input" in: sky130A_mr.lydrc:137
Elapsed: 0.000s
"_input" in: sky130A_mr.lydrc:138
Elapsed: 0.010s
"_input" in: sky130A_mr.lydrc:139
Elapsed: 0.010s
"_input" in: sky130A_mr.lydrc:140
Elapsed: 0.000s
"_input" in: sky130A_mr.lydrc:141
Elapsed: 0.010s
"_input" in: sky130A_mr.lydrc:142
Elapsed: 0.010s
"_input" in: sky130A_mr.lydrc:143
Elapsed: 0.010s
"_input" in: sky130A_mr.lydrc:144
Elapsed: 0.000s
"_input" in: sky130A_mr.lydrc:145
Elapsed: 0.010s
"_input" in: sky130A_mr.lydrc:146
Elapsed: 0.010s
"_input" in: sky130A_mr.lydrc:147
Elapsed: 0.000s
"_input" in: sky130A_mr.lydrc:148
Elapsed: 0.020s
"_input" in: sky130A_mr.lydrc:149
Elapsed: 0.000s
"_input" in: sky130A_mr.lydrc:150
Elapsed: 0.010s
"_input" in: sky130A_mr.lydrc:151
Elapsed: 0.010s
"_input" in: sky130A_mr.lydrc:152
Elapsed: 0.010s
"_input" in: sky130A_mr.lydrc:153
Elapsed: 0.000s
"_input" in: sky130A_mr.lydrc:154
Elapsed: 0.010s
"_input" in: sky130A_mr.lydrc:155
Elapsed: 0.010s
"_input" in: sky130A_mr.lydrc:156
Elapsed: 0.000s
"_input" in: sky130A_mr.lydrc:157
Elapsed: 0.010s
"_input" in: sky130A_mr.lydrc:158
Elapsed: 0.010s
"_input" in: sky130A_mr.lydrc:159
Elapsed: 0.010s
"_input" in: sky130A_mr.lydrc:160
Elapsed: 0.000s
"_input" in: sky130A_mr.lydrc:161
Elapsed: 0.010s
"_input" in: sky130A_mr.lydrc:162
Elapsed: 0.010s
"_input" in: sky130A_mr.lydrc:163
Elapsed: 0.000s
"_input" in: sky130A_mr.lydrc:164
Elapsed: 0.010s
"_input" in: sky130A_mr.lydrc:165
Elapsed: 0.010s
"_input" in: sky130A_mr.lydrc:166
Elapsed: 0.010s
"_input" in: sky130A_mr.lydrc:167
Elapsed: 0.000s
"_input" in: sky130A_mr.lydrc:168
Elapsed: 0.010s
"_input" in: sky130A_mr.lydrc:169
Elapsed: 0.010s
"_input" in: sky130A_mr.lydrc:170
Elapsed: 0.000s
"_input" in: sky130A_mr.lydrc:171
Elapsed: 0.010s
"_input" in: sky130A_mr.lydrc:172
Elapsed: 0.010s
"_input" in: sky130A_mr.lydrc:173
Elapsed: 0.000s
"_input" in: sky130A_mr.lydrc:174
Elapsed: 0.010s
"_input" in: sky130A_mr.lydrc:175
Elapsed: 0.010s
"_input" in: sky130A_mr.lydrc:176
Elapsed: 0.010s
"_input" in: sky130A_mr.lydrc:177
Elapsed: 0.000s
"_input" in: sky130A_mr.lydrc:178
Elapsed: 0.010s
"_input" in: sky130A_mr.lydrc:179
Elapsed: 0.010s
DRC section
FEOL section
"&" in: sky130A_mr.lydrc:203
Elapsed: 0.010s
dnwell
"width_check" in: sky130A_mr.lydrc:207
Elapsed: 0.010s
"_output" in: sky130A_mr.lydrc:207
Elapsed: 0.000s
nwell
"width_check" in: sky130A_mr.lydrc:215
Elapsed: 0.010s
"_output" in: sky130A_mr.lydrc:215
Elapsed: 0.010s
"isolated_check" in: sky130A_mr.lydrc:216
Elapsed: 0.000s
"_output" in: sky130A_mr.lydrc:216
Elapsed: 0.010s
hvtp
"width_check" in: sky130A_mr.lydrc:235
Elapsed: 0.010s
"_output" in: sky130A_mr.lydrc:235
Elapsed: 0.010s
"isolated_check" in: sky130A_mr.lydrc:236
Elapsed: 0.010s
"_output" in: sky130A_mr.lydrc:236
Elapsed: 0.010s
htvr
"width_check" in: sky130A_mr.lydrc:243
Elapsed: 0.010s
"_output" in: sky130A_mr.lydrc:243
Elapsed: 0.000s
"isolated_check" in: sky130A_mr.lydrc:244
Elapsed: 0.010s
"_output" in: sky130A_mr.lydrc:244
Elapsed: 0.010s
lvtn
"isolated_check" in: sky130A_mr.lydrc:249
Elapsed: 0.010s
"_output" in: sky130A_mr.lydrc:249
Elapsed: 0.010s
ncm
"width_check" in: sky130A_mr.lydrc:261
Elapsed: 0.010s
"_output" in: sky130A_mr.lydrc:261
Elapsed: 0.000s
diff-tap
"+" in: sky130A_mr.lydrc:270
Elapsed: 0.010s
"isolated_check" in: sky130A_mr.lydrc:280
Elapsed: 0.010s
"_output" in: sky130A_mr.lydrc:280
Elapsed: 0.010s
tunm
"width_check" in: sky130A_mr.lydrc:293
Elapsed: 0.010s
"_output" in: sky130A_mr.lydrc:293
Elapsed: 0.010s
"isolated_check" in: sky130A_mr.lydrc:294
Elapsed: 0.000s
"_output" in: sky130A_mr.lydrc:294
Elapsed: 0.000s
poly
"width_check" in: sky130A_mr.lydrc:303
Elapsed: 0.010s
"_output" in: sky130A_mr.lydrc:303
Elapsed: 0.010s
"-" in: sky130A_mr.lydrc:308
Elapsed: 0.010s
"isolated_check" in: sky130A_mr.lydrc:308
Elapsed: 0.010s
"_output" in: sky130A_mr.lydrc:308
Elapsed: 0.000s
rpm
"width_check" in: sky130A_mr.lydrc:326
Elapsed: 0.010s
"_output" in: sky130A_mr.lydrc:326
Elapsed: 0.010s
"isolated_check" in: sky130A_mr.lydrc:327
Elapsed: 0.010s
"_output" in: sky130A_mr.lydrc:327
Elapsed: 0.000s
npc
"width_check" in: sky130A_mr.lydrc:360
Elapsed: 0.010s
"_output" in: sky130A_mr.lydrc:360
Elapsed: 0.010s
"isolated_check" in: sky130A_mr.lydrc:361
Elapsed: 0.010s
"_output" in: sky130A_mr.lydrc:361
Elapsed: 0.010s
licon
"interacting" in: sky130A_mr.lydrc:382
Elapsed: 0.010s
"&" in: sky130A_mr.lydrc:382
Elapsed: 0.010s
"-" in: sky130A_mr.lydrc:382
Elapsed: 0.010s
"edges" in: sky130A_mr.lydrc:382
Elapsed: 0.020s
"with_length" in: sky130A_mr.lydrc:382
Elapsed: 0.010s
"_output" in: sky130A_mr.lydrc:382
Elapsed: 0.000s
"interacting" in: sky130A_mr.lydrc:383
Elapsed: 0.020s
"&" in: sky130A_mr.lydrc:383
Elapsed: 0.010s
"&" in: sky130A_mr.lydrc:383
Elapsed: 0.010s
"interacting" in: sky130A_mr.lydrc:383
Elapsed: 0.020s
"&" in: sky130A_mr.lydrc:383
Elapsed: 0.010s
"&" in: sky130A_mr.lydrc:383
Elapsed: 0.010s
"edges" in: sky130A_mr.lydrc:383
Elapsed: 0.010s
"with_length" in: sky130A_mr.lydrc:383
Elapsed: 0.000s
"interacting" in: sky130A_mr.lydrc:383
Elapsed: 0.010s
"&" in: sky130A_mr.lydrc:383
Elapsed: 0.010s
"&" in: sky130A_mr.lydrc:383
Elapsed: 0.010s
"edges" in: sky130A_mr.lydrc:383
Elapsed: 0.010s
"with_length" in: sky130A_mr.lydrc:383
Elapsed: 0.010s
"|" in: sky130A_mr.lydrc:383
Elapsed: 0.000s
"not_interacting" in: sky130A_mr.lydrc:383
Elapsed: 0.020s
"_output" in: sky130A_mr.lydrc:383
Elapsed: 0.010s
"|" in: sky130A_mr.lydrc:411
Elapsed: 0.000s
"&" in: sky130A_mr.lydrc:411
Elapsed: 0.020s
"separation_check" in: sky130A_mr.lydrc:411
Elapsed: 0.010s
"_output" in: sky130A_mr.lydrc:411
Elapsed: 0.000s
vpp
capm
"width_check" in: sky130A_mr.lydrc:445
Elapsed: 0.010s
"_output" in: sky130A_mr.lydrc:445
Elapsed: 0.010s
"isolated_check" in: sky130A_mr.lydrc:446
Elapsed: 0.010s
"_output" in: sky130A_mr.lydrc:446
Elapsed: 0.010s
"interacting" in: sky130A_mr.lydrc:447
Elapsed: 0.010s
"isolated_check" in: sky130A_mr.lydrc:447
Elapsed: 0.010s
"_output" in: sky130A_mr.lydrc:447
Elapsed: 0.010s
"enclosing_check" in: sky130A_mr.lydrc:448
Elapsed: 0.010s
"_output" in: sky130A_mr.lydrc:448
Elapsed: 0.000s
"enclosing_check" in: sky130A_mr.lydrc:449
Elapsed: 0.010s
"_output" in: sky130A_mr.lydrc:449
Elapsed: 0.010s
"separation_check" in: sky130A_mr.lydrc:450
Elapsed: 0.010s
"_output" in: sky130A_mr.lydrc:450
Elapsed: 0.010s
FEOL section
hvi
"width_check" in: sky130A_mr.lydrc:766
Elapsed: 0.000s
"_output" in: sky130A_mr.lydrc:766
Elapsed: 0.010s
hvntm
"width_check" in: sky130A_mr.lydrc:792
Elapsed: 0.010s
"_output" in: sky130A_mr.lydrc:792
Elapsed: 0.000s
"isolated_check" in: sky130A_mr.lydrc:793
Elapsed: 0.010s
"_output" in: sky130A_mr.lydrc:793
Elapsed: 0.010s
Writing report database: /home/lss/Documents/AnalogNeuron/Analog-Neural-Network/checks/user_analog_project_wrapper_klayout_drc.xml ..
Total run time: 1.370s
